
12:26:47.754 [main] INFO  projekt.Exchange - The website has been downloaded
12:26:47.789 [main] WARN  projekt.Exchange - No data here
12:26:47.789 [main] WARN  projekt.Exchange - No data here
12:26:47.790 [main] WARN  projekt.Exchange - No data here
12:26:47.790 [main] WARN  projekt.Exchange - No data here
12:26:47.793 [main] INFO  projekt.Exchange - The data has been downloaded and sorted
12:27:07.640 [main] INFO  projekt.Exchange - The website has been downloaded
12:27:07.672 [main] WARN  projekt.Exchange - No data here
12:27:07.672 [main] WARN  projekt.Exchange - No data here
12:27:07.672 [main] WARN  projekt.Exchange - No data here
12:27:07.672 [main] WARN  projekt.Exchange - No data here
12:27:07.674 [main] INFO  projekt.Exchange - The data has been downloaded and sorted
12:27:07.922 [main] INFO  projekt.Baksy - The website has been downloaded
12:27:07.934 [main] INFO  projekt.Baksy - The data has been downloaded and sorted
12:27:07.986 [main] INFO  projekt.Grosz - The website has been downloaded
12:27:07.991 [main] INFO  projekt.Grosz - The data has been downloaded and sorted
12:38:09.703 [main] INFO  projekt.Exchange - The website has been downloaded
12:38:09.736 [main] WARN  projekt.Exchange - No data here
12:38:09.737 [main] WARN  projekt.Exchange - No data here
12:38:09.737 [main] WARN  projekt.Exchange - No data here
12:38:09.737 [main] WARN  projekt.Exchange - No data here
12:38:09.739 [main] INFO  projekt.Exchange - The data has been downloaded and sorted
12:38:09.976 [main] INFO  projekt.Baksy - The website has been downloaded
12:38:09.987 [main] INFO  projekt.Baksy - The data has been downloaded and sorted
12:38:10.032 [main] INFO  projekt.Grosz - The website has been downloaded
12:38:10.037 [main] INFO  projekt.Grosz - The data has been downloaded and sorted
12:48:30.121 [main] INFO  projekt.Exchange - The website has been downloaded
12:48:30.161 [main] WARN  projekt.Exchange - No data here
12:48:30.161 [main] WARN  projekt.Exchange - No data here
12:48:30.161 [main] WARN  projekt.Exchange - No data here
12:48:30.161 [main] WARN  projekt.Exchange - No data here
12:48:30.163 [main] INFO  projekt.Exchange - The data has been downloaded and sorted
12:48:30.440 [main] INFO  projekt.Baksy - The website has been downloaded
12:48:30.450 [main] INFO  projekt.Baksy - The data has been downloaded and sorted
12:48:30.502 [main] INFO  projekt.Grosz - The website has been downloaded
12:48:30.507 [main] INFO  projekt.Grosz - The data has been downloaded and sorted
13:07:15.358 [main] INFO  projekt.Exchange - The website has been downloaded
13:07:15.392 [main] WARN  projekt.Exchange - No data here
13:07:15.392 [main] WARN  projekt.Exchange - No data here
13:07:15.392 [main] WARN  projekt.Exchange - No data here
13:07:15.392 [main] WARN  projekt.Exchange - No data here
13:07:15.395 [main] INFO  projekt.Exchange - The data has been downloaded and sorted
13:07:15.671 [main] INFO  projekt.Baksy - The website has been downloaded
13:07:15.681 [main] INFO  projekt.Baksy - The data has been downloaded and sorted
13:07:15.733 [main] INFO  projekt.Grosz - The website has been downloaded
13:07:15.739 [main] INFO  projekt.Grosz - The data has been downloaded and sorted
13:08:49.967 [main] INFO  projekt.Baksy - The website has been downloaded
13:08:50.000 [main] INFO  projekt.Baksy - The data has been downloaded and sorted
13:08:58.016 [main] INFO  projekt.Exchange - The website has been downloaded
13:08:58.053 [main] WARN  projekt.Exchange - No data here
13:08:58.053 [main] WARN  projekt.Exchange - No data here
13:08:58.053 [main] WARN  projekt.Exchange - No data here
13:08:58.053 [main] WARN  projekt.Exchange - No data here
13:08:58.056 [main] INFO  projekt.Exchange - The data has been downloaded and sorted
13:08:58.334 [main] INFO  projekt.Baksy - The website has been downloaded
13:08:58.344 [main] INFO  projekt.Baksy - The data has been downloaded and sorted
13:08:58.407 [main] INFO  projekt.Grosz - The website has been downloaded
13:08:58.411 [main] INFO  projekt.Grosz - The data has been downloaded and sorted
13:09:29.012 [main] INFO  projekt.Exchange - The website has been downloaded
13:09:29.048 [main] WARN  projekt.Exchange - No data here
13:09:29.049 [main] WARN  projekt.Exchange - No data here
13:09:29.049 [main] WARN  projekt.Exchange - No data here
13:09:29.049 [main] WARN  projekt.Exchange - No data here
13:09:29.051 [main] INFO  projekt.Exchange - The data has been downloaded and sorted
13:09:37.537 [main] INFO  projekt.Exchange - The website has been downloaded
13:09:37.571 [main] WARN  projekt.Exchange - No data here
13:09:37.571 [main] WARN  projekt.Exchange - No data here
13:09:37.571 [main] WARN  projekt.Exchange - No data here
13:09:37.572 [main] WARN  projekt.Exchange - No data here
13:09:37.574 [main] INFO  projekt.Exchange - The data has been downloaded and sorted
13:09:37.821 [main] INFO  projekt.Baksy - The website has been downloaded
13:09:37.830 [main] INFO  projekt.Baksy - The data has been downloaded and sorted
13:09:37.890 [main] INFO  projekt.Grosz - The website has been downloaded
13:09:37.895 [main] INFO  projekt.Grosz - The data has been downloaded and sorted
13:10:10.442 [main] INFO  projekt.Exchange - The website has been downloaded
13:10:10.461 [main] ERROR projekt.Exchange - java.lang.NumberFormatException: For input string: "428.00 PLN"
	at java.base/jdk.internal.math.FloatingDecimal.readJavaFormatString(FloatingDecimal.java:2054)
	at java.base/jdk.internal.math.FloatingDecimal.parseDouble(FloatingDecimal.java:110)
	at java.base/java.lang.Double.parseDouble(Double.java:651)
	at projekt.Exchange.getData(Exchange.java:34)
	at projekt.Exchange.main(Exchange.java:72)

13:10:33.094 [main] INFO  projekt.Exchange - The website has been downloaded
13:10:33.128 [main] WARN  projekt.Exchange - No data here
13:10:33.128 [main] WARN  projekt.Exchange - No data here
13:10:33.128 [main] WARN  projekt.Exchange - No data here
13:10:33.128 [main] WARN  projekt.Exchange - No data here
13:10:33.131 [main] INFO  projekt.Exchange - The data has been downloaded and sorted
13:10:33.395 [main] INFO  projekt.Baksy - The website has been downloaded
13:10:33.405 [main] INFO  projekt.Baksy - The data has been downloaded and sorted
13:10:33.456 [main] INFO  projekt.Grosz - The website has been downloaded
13:10:33.460 [main] INFO  projekt.Grosz - The data has been downloaded and sorted
13:13:43.743 [main] INFO  projekt.Exchange - The website has been downloaded
13:13:43.775 [main] WARN  projekt.Exchange - No data here
13:13:43.776 [main] WARN  projekt.Exchange - No data here
13:13:43.776 [main] WARN  projekt.Exchange - No data here
13:13:43.776 [main] WARN  projekt.Exchange - No data here
13:13:43.778 [main] INFO  projekt.Exchange - The data has been downloaded and sorted
13:13:44.025 [main] INFO  projekt.Baksy - The website has been downloaded
13:13:44.035 [main] INFO  projekt.Baksy - The data has been downloaded and sorted
13:13:44.085 [main] INFO  projekt.Grosz - The website has been downloaded
13:13:44.090 [main] INFO  projekt.Grosz - The data has been downloaded and sorted
13:50:59.258 [main] INFO  projekt.Exchange - The website has been downloaded
13:50:59.293 [main] WARN  projekt.Exchange - No data here
13:50:59.293 [main] WARN  projekt.Exchange - No data here
13:50:59.293 [main] WARN  projekt.Exchange - No data here
13:50:59.293 [main] WARN  projekt.Exchange - No data here
13:50:59.295 [main] INFO  projekt.Exchange - The data has been downloaded and sorted
13:50:59.535 [main] INFO  projekt.Baksy - The website has been downloaded
13:50:59.545 [main] INFO  projekt.Baksy - The data has been downloaded and sorted
13:50:59.602 [main] INFO  projekt.Grosz - The website has been downloaded
13:50:59.606 [main] INFO  projekt.Grosz - The data has been downloaded and sorted
13:51:56.024 [main] INFO  projekt.Exchange - The website has been downloaded
13:51:56.060 [main] WARN  projekt.Exchange - No data here
13:51:56.060 [main] WARN  projekt.Exchange - No data here
13:51:56.061 [main] WARN  projekt.Exchange - No data here
13:51:56.061 [main] WARN  projekt.Exchange - No data here
13:51:56.063 [main] INFO  projekt.Exchange - The data has been downloaded and sorted
13:51:56.308 [main] INFO  projekt.Baksy - The website has been downloaded
13:51:56.318 [main] INFO  projekt.Baksy - The data has been downloaded and sorted
13:51:56.415 [main] INFO  projekt.Grosz - The website has been downloaded
13:51:56.421 [main] INFO  projekt.Grosz - The data has been downloaded and sorted
13:52:26.635 [main] INFO  projekt.Exchange - The website has been downloaded
13:52:26.672 [main] WARN  projekt.Exchange - No data here
13:52:26.672 [main] WARN  projekt.Exchange - No data here
13:52:26.673 [main] WARN  projekt.Exchange - No data here
13:52:26.673 [main] WARN  projekt.Exchange - No data here
13:52:26.675 [main] INFO  projekt.Exchange - The data has been downloaded and sorted
13:52:26.928 [main] INFO  projekt.Baksy - The website has been downloaded
13:52:26.939 [main] INFO  projekt.Baksy - The data has been downloaded and sorted
13:52:26.993 [main] INFO  projekt.Grosz - The website has been downloaded
13:52:26.998 [main] INFO  projekt.Grosz - The data has been downloaded and sorted
13:52:59.730 [main] INFO  projekt.Exchange - The website has been downloaded
13:52:59.764 [main] WARN  projekt.Exchange - No data here
13:52:59.764 [main] WARN  projekt.Exchange - No data here
13:52:59.764 [main] WARN  projekt.Exchange - No data here
13:52:59.764 [main] WARN  projekt.Exchange - No data here
13:52:59.767 [main] INFO  projekt.Exchange - The data has been downloaded and sorted
13:53:00.008 [main] INFO  projekt.Baksy - The website has been downloaded
13:53:00.019 [main] INFO  projekt.Baksy - The data has been downloaded and sorted
13:53:00.066 [main] INFO  projekt.Grosz - The website has been downloaded
13:53:00.071 [main] INFO  projekt.Grosz - The data has been downloaded and sorted
13:54:00.226 [main] INFO  projekt.Exchange - The website has been downloaded
13:54:00.259 [main] WARN  projekt.Exchange - No data here
13:54:00.259 [main] WARN  projekt.Exchange - No data here
13:54:00.259 [main] WARN  projekt.Exchange - No data here
13:54:00.259 [main] WARN  projekt.Exchange - No data here
13:54:00.261 [main] INFO  projekt.Exchange - The data has been downloaded and sorted
13:54:00.559 [main] INFO  projekt.Baksy - The website has been downloaded
13:54:00.569 [main] INFO  projekt.Baksy - The data has been downloaded and sorted
13:54:00.616 [main] INFO  projekt.Grosz - The website has been downloaded
13:54:00.621 [main] INFO  projekt.Grosz - The data has been downloaded and sorted
13:54:47.225 [main] INFO  projekt.Exchange - The website has been downloaded
13:54:47.259 [main] WARN  projekt.Exchange - No data here
13:54:47.260 [main] WARN  projekt.Exchange - No data here
13:54:47.260 [main] WARN  projekt.Exchange - No data here
13:54:47.260 [main] WARN  projekt.Exchange - No data here
13:54:47.263 [main] INFO  projekt.Exchange - The data has been downloaded and sorted
13:54:47.503 [main] INFO  projekt.Baksy - The website has been downloaded
13:54:47.513 [main] INFO  projekt.Baksy - The data has been downloaded and sorted
13:54:47.558 [main] INFO  projekt.Grosz - The website has been downloaded
13:54:47.563 [main] INFO  projekt.Grosz - The data has been downloaded and sorted
13:56:47.941 [main] INFO  projekt.Exchange - The website has been downloaded
13:56:47.975 [main] WARN  projekt.Exchange - No data here
13:56:47.975 [main] WARN  projekt.Exchange - No data here
13:56:47.976 [main] WARN  projekt.Exchange - No data here
13:56:47.976 [main] WARN  projekt.Exchange - No data here
13:56:47.978 [main] INFO  projekt.Exchange - The data has been downloaded and sorted
13:56:48.221 [main] INFO  projekt.Baksy - The website has been downloaded
13:56:48.232 [main] INFO  projekt.Baksy - The data has been downloaded and sorted
13:56:48.281 [main] INFO  projekt.Grosz - The website has been downloaded
13:56:48.286 [main] INFO  projekt.Grosz - The data has been downloaded and sorted
13:57:00.871 [main] INFO  projekt.Exchange - The website has been downloaded
13:57:00.904 [main] WARN  projekt.Exchange - No data here
13:57:00.904 [main] WARN  projekt.Exchange - No data here
13:57:00.905 [main] WARN  projekt.Exchange - No data here
13:57:00.905 [main] WARN  projekt.Exchange - No data here
13:57:00.907 [main] INFO  projekt.Exchange - The data has been downloaded and sorted
13:57:01.156 [main] INFO  projekt.Baksy - The website has been downloaded
13:57:01.172 [main] INFO  projekt.Baksy - The data has been downloaded and sorted
13:57:01.233 [main] INFO  projekt.Grosz - The website has been downloaded
13:57:01.238 [main] INFO  projekt.Grosz - The data has been downloaded and sorted
13:58:19.322 [main] INFO  projekt.Exchange - The website has been downloaded
13:58:19.368 [main] WARN  projekt.Exchange - No data here
13:58:19.373 [main] WARN  projekt.Exchange - No data here
13:58:19.374 [main] WARN  projekt.Exchange - No data here
13:58:19.374 [main] WARN  projekt.Exchange - No data here
13:58:19.378 [main] INFO  projekt.Exchange - The data has been downloaded and sorted
13:58:19.624 [main] INFO  projekt.Baksy - The website has been downloaded
13:58:19.635 [main] INFO  projekt.Baksy - The data has been downloaded and sorted
13:58:19.709 [main] INFO  projekt.Grosz - The website has been downloaded
13:58:19.714 [main] INFO  projekt.Grosz - The data has been downloaded and sorted
14:00:50.329 [main] INFO  projekt.Exchange - The website has been downloaded
14:00:50.363 [main] WARN  projekt.Exchange - No data here
14:00:50.363 [main] WARN  projekt.Exchange - No data here
14:00:50.363 [main] WARN  projekt.Exchange - No data here
14:00:50.363 [main] WARN  projekt.Exchange - No data here
14:00:50.365 [main] INFO  projekt.Exchange - The data has been downloaded and sorted
14:00:50.602 [main] INFO  projekt.Baksy - The website has been downloaded
14:00:50.611 [main] INFO  projekt.Baksy - The data has been downloaded and sorted
14:00:50.657 [main] INFO  projekt.Grosz - The website has been downloaded
14:00:50.661 [main] INFO  projekt.Grosz - The data has been downloaded and sorted
14:02:11.963 [main] INFO  projekt.Exchange - The website has been downloaded
14:02:11.996 [main] WARN  projekt.Exchange - No data here
14:02:11.996 [main] WARN  projekt.Exchange - No data here
14:02:11.997 [main] WARN  projekt.Exchange - No data here
14:02:11.997 [main] WARN  projekt.Exchange - No data here
14:02:11.999 [main] INFO  projekt.Exchange - The data has been downloaded and sorted
14:02:12.235 [main] INFO  projekt.Baksy - The website has been downloaded
14:02:12.246 [main] INFO  projekt.Baksy - The data has been downloaded and sorted
14:02:12.294 [main] INFO  projekt.Grosz - The website has been downloaded
14:02:12.298 [main] INFO  projekt.Grosz - The data has been downloaded and sorted
14:03:45.896 [main] INFO  projekt.Exchange - The website has been downloaded
14:03:45.931 [main] WARN  projekt.Exchange - No data here
14:03:45.931 [main] WARN  projekt.Exchange - No data here
14:03:45.931 [main] WARN  projekt.Exchange - No data here
14:03:45.932 [main] WARN  projekt.Exchange - No data here
14:03:45.934 [main] INFO  projekt.Exchange - The data has been downloaded and sorted
14:03:46.215 [main] INFO  projekt.Baksy - The website has been downloaded
14:03:46.226 [main] INFO  projekt.Baksy - The data has been downloaded and sorted
14:03:46.299 [main] INFO  projekt.Grosz - The website has been downloaded
14:03:46.304 [main] INFO  projekt.Grosz - The data has been downloaded and sorted
14:04:13.556 [main] INFO  projekt.Exchange - The website has been downloaded
14:04:13.590 [main] WARN  projekt.Exchange - No data here
14:04:13.591 [main] WARN  projekt.Exchange - No data here
14:04:13.591 [main] WARN  projekt.Exchange - No data here
14:04:13.591 [main] WARN  projekt.Exchange - No data here
14:04:13.593 [main] INFO  projekt.Exchange - The data has been downloaded and sorted
14:04:13.870 [main] INFO  projekt.Baksy - The website has been downloaded
14:04:13.880 [main] INFO  projekt.Baksy - The data has been downloaded and sorted
14:04:13.991 [main] INFO  projekt.Grosz - The website has been downloaded
14:04:13.996 [main] INFO  projekt.Grosz - The data has been downloaded and sorted
14:06:43.739 [main] INFO  projekt.Exchange - The website has been downloaded
14:06:43.772 [main] WARN  projekt.Exchange - No data here
14:06:43.772 [main] WARN  projekt.Exchange - No data here
14:06:43.772 [main] WARN  projekt.Exchange - No data here
14:06:43.773 [main] WARN  projekt.Exchange - No data here
14:06:43.775 [main] INFO  projekt.Exchange - The data has been downloaded and sorted
14:06:44.044 [main] INFO  projekt.Baksy - The website has been downloaded
14:06:44.054 [main] INFO  projekt.Baksy - The data has been downloaded and sorted
14:06:44.113 [main] INFO  projekt.Grosz - The website has been downloaded
14:06:44.117 [main] INFO  projekt.Grosz - The data has been downloaded and sorted
14:10:37.951 [main] INFO  projekt.Exchange - The website has been downloaded
14:10:37.984 [main] WARN  projekt.Exchange - No data here
14:10:37.984 [main] WARN  projekt.Exchange - No data here
14:10:37.985 [main] WARN  projekt.Exchange - No data here
14:10:37.985 [main] WARN  projekt.Exchange - No data here
14:10:37.987 [main] INFO  projekt.Exchange - The data has been downloaded and sorted
14:10:38.218 [main] INFO  projekt.Baksy - The website has been downloaded
14:10:38.229 [main] INFO  projekt.Baksy - The data has been downloaded and sorted
14:10:38.286 [main] INFO  projekt.Grosz - The website has been downloaded
14:10:38.290 [main] INFO  projekt.Grosz - The data has been downloaded and sorted
14:11:31.083 [main] INFO  projekt.Exchange - The website has been downloaded
14:11:31.118 [main] WARN  projekt.Exchange - No data here
14:11:31.118 [main] WARN  projekt.Exchange - No data here
14:11:31.118 [main] WARN  projekt.Exchange - No data here
14:11:31.118 [main] WARN  projekt.Exchange - No data here
14:11:31.121 [main] INFO  projekt.Exchange - The data has been downloaded and sorted
14:11:31.362 [main] INFO  projekt.Baksy - The website has been downloaded
14:11:31.372 [main] INFO  projekt.Baksy - The data has been downloaded and sorted
14:11:31.449 [main] INFO  projekt.Grosz - The website has been downloaded
14:11:31.454 [main] INFO  projekt.Grosz - The data has been downloaded and sorted
14:16:19.363 [main] INFO  projekt.Exchange - The website has been downloaded
14:16:19.396 [main] WARN  projekt.Exchange - No data here inCNY
14:16:19.396 [main] WARN  projekt.Exchange - No data here inCNY
14:16:19.396 [main] WARN  projekt.Exchange - No data here inMXN
14:16:19.397 [main] WARN  projekt.Exchange - No data here inMXN
14:16:19.399 [main] INFO  projekt.Exchange - The data has been downloaded and sorted
14:16:19.671 [main] INFO  projekt.Baksy - The website has been downloaded
14:16:19.681 [main] INFO  projekt.Baksy - The data has been downloaded and sorted
14:16:19.732 [main] INFO  projekt.Grosz - The website has been downloaded
14:16:19.736 [main] INFO  projekt.Grosz - The data has been downloaded and sorted
14:16:19.737 [main] WARN  projekt.Exchange - No data here inCNY
14:16:19.738 [main] WARN  projekt.Exchange - No data here inMXN
14:17:37.497 [main] INFO  projekt.Exchange - The website has been downloaded
14:17:37.531 [main] WARN  projekt.Exchange - No data in CNY
14:17:37.531 [main] WARN  projekt.Exchange - No data in CNY
14:17:37.532 [main] WARN  projekt.Exchange - No data in MXN
14:17:37.532 [main] WARN  projekt.Exchange - No data in MXN
14:17:37.533 [main] INFO  projekt.Exchange - The data has been downloaded and sorted
14:17:37.806 [main] INFO  projekt.Baksy - The website has been downloaded
14:17:37.816 [main] INFO  projekt.Baksy - The data has been downloaded and sorted
14:17:37.885 [main] INFO  projekt.Grosz - The website has been downloaded
14:17:37.889 [main] INFO  projekt.Grosz - The data has been downloaded and sorted
14:17:37.890 [main] WARN  projekt.Exchange - No data in CNY
14:17:37.891 [main] WARN  projekt.Exchange - No data in MXN
15:21:33.236 [main] INFO  projekt.Exchange - The website has been downloaded
15:21:33.275 [main] WARN  projekt.Exchange - No data in CNY
