16:58:20.333 [main] INFO  projekt.Data.Exchange - The website has been downloaded
16:58:20.371 [main] WARN  projekt.Data.Exchange - No data in CNY
16:58:20.371 [main] WARN  projekt.Data.Exchange - No data in CNY
16:58:20.371 [main] WARN  projekt.Data.Exchange - No data in MXN
16:58:20.371 [main] WARN  projekt.Data.Exchange - No data in MXN
16:58:20.373 [main] INFO  projekt.Data.Exchange - The data has been downloaded and sorted
16:58:20.630 [main] INFO  projekt.Data.Baksy - The website has been downloaded
16:58:20.642 [main] INFO  projekt.Data.Baksy - The data has been downloaded and sorted
16:58:20.751 [main] INFO  projekt.Data.Grosz - The website has been downloaded
16:58:20.755 [main] INFO  projekt.Data.Grosz - The data has been downloaded and sorted
20:15:12.270 [main] INFO  projekt.Data.Exchange - The website has been downloaded
20:15:12.307 [main] WARN  projekt.Data.Exchange - No data in CNY
20:15:12.308 [main] WARN  projekt.Data.Exchange - No data in CNY
20:15:12.308 [main] WARN  projekt.Data.Exchange - No data in MXN
20:15:12.308 [main] WARN  projekt.Data.Exchange - No data in MXN
20:15:12.310 [main] INFO  projekt.Data.Exchange - The data has been downloaded and sorted
20:15:44.294 [main] INFO  projekt.Data.Grosz - The website has been downloaded
20:15:44.320 [main] INFO  projekt.Data.Grosz - The data has been downloaded and sorted
20:15:51.444 [main] INFO  projekt.Data.Exchange - The website has been downloaded
20:15:51.484 [main] WARN  projekt.Data.Exchange - No data in CNY
20:15:51.484 [main] WARN  projekt.Data.Exchange - No data in CNY
20:15:51.484 [main] WARN  projekt.Data.Exchange - No data in MXN
20:15:51.484 [main] WARN  projekt.Data.Exchange - No data in MXN
20:15:51.487 [main] INFO  projekt.Data.Exchange - The data has been downloaded and sorted
20:15:51.776 [main] INFO  projekt.Data.Baksy - The website has been downloaded
20:15:51.786 [main] INFO  projekt.Data.Baksy - The data has been downloaded and sorted
20:15:51.836 [main] INFO  projekt.Data.Grosz - The website has been downloaded
20:15:51.841 [main] INFO  projekt.Data.Grosz - The data has been downloaded and sorted
20:18:54.787 [main] INFO  projekt.Data.Exchange - The website has been downloaded
20:18:54.826 [main] WARN  projekt.Data.Exchange - No data in CNY
20:18:54.826 [main] WARN  projekt.Data.Exchange - No data in CNY
20:18:54.826 [main] WARN  projekt.Data.Exchange - No data in MXN
20:18:54.826 [main] WARN  projekt.Data.Exchange - No data in MXN
20:18:54.828 [main] INFO  projekt.Data.Exchange - The data has been downloaded and sorted
20:18:55.084 [main] INFO  projekt.Data.Baksy - The website has been downloaded
20:18:55.095 [main] INFO  projekt.Data.Baksy - The data has been downloaded and sorted
20:18:55.144 [main] INFO  projekt.Data.Grosz - The website has been downloaded
20:18:55.149 [main] INFO  projekt.Data.Grosz - The data has been downloaded and sorted
11:39:19.888 [AWT-EventQueue-0] INFO  projekt.Data.Exchange - The website has been downloaded
11:39:19.918 [AWT-EventQueue-0] WARN  projekt.Data.Exchange - No data in CNY
11:39:19.918 [AWT-EventQueue-0] WARN  projekt.Data.Exchange - No data in CNY
11:39:19.918 [AWT-EventQueue-0] WARN  projekt.Data.Exchange - No data in MXN
11:39:19.918 [AWT-EventQueue-0] WARN  projekt.Data.Exchange - No data in MXN
11:39:19.920 [AWT-EventQueue-0] INFO  projekt.Data.Exchange - The data has been downloaded and sorted
11:39:20.044 [AWT-EventQueue-0] INFO  projekt.Data.Baksy - The website has been downloaded
11:39:20.051 [AWT-EventQueue-0] INFO  projekt.Data.Baksy - The data has been downloaded and sorted
11:39:20.188 [AWT-EventQueue-0] INFO  projekt.Data.Grosz - The website has been downloaded
11:39:20.191 [AWT-EventQueue-0] INFO  projekt.Data.Grosz - The data has been downloaded and sorted
11:39:30.400 [AWT-EventQueue-0] INFO  projekt.Data.Exchange - The website has been downloaded
11:39:30.428 [AWT-EventQueue-0] WARN  projekt.Data.Exchange - No data in CNY
11:39:30.428 [AWT-EventQueue-0] WARN  projekt.Data.Exchange - No data in CNY
11:39:30.428 [AWT-EventQueue-0] WARN  projekt.Data.Exchange - No data in MXN
11:39:30.429 [AWT-EventQueue-0] WARN  projekt.Data.Exchange - No data in MXN
11:39:30.431 [AWT-EventQueue-0] INFO  projekt.Data.Exchange - The data has been downloaded and sorted
11:39:30.550 [AWT-EventQueue-0] INFO  projekt.Data.Baksy - The website has been downloaded
11:39:30.555 [AWT-EventQueue-0] INFO  projekt.Data.Baksy - The data has been downloaded and sorted
11:39:30.597 [AWT-EventQueue-0] INFO  projekt.Data.Grosz - The website has been downloaded
11:39:30.601 [AWT-EventQueue-0] INFO  projekt.Data.Grosz - The data has been downloaded and sorted
11:44:17.701 [AWT-EventQueue-0] INFO  projekt.Data.Exchange - The website has been downloaded
11:44:17.730 [AWT-EventQueue-0] WARN  projekt.Data.Exchange - No data in CNY
11:44:17.730 [AWT-EventQueue-0] WARN  projekt.Data.Exchange - No data in CNY
11:44:17.731 [AWT-EventQueue-0] WARN  projekt.Data.Exchange - No data in MXN
11:44:17.731 [AWT-EventQueue-0] WARN  projekt.Data.Exchange - No data in MXN
11:44:17.733 [AWT-EventQueue-0] INFO  projekt.Data.Exchange - The data has been downloaded and sorted
11:44:17.839 [AWT-EventQueue-0] INFO  projekt.Data.Baksy - The website has been downloaded
11:44:17.844 [AWT-EventQueue-0] INFO  projekt.Data.Baksy - The data has been downloaded and sorted
11:44:17.895 [AWT-EventQueue-0] INFO  projekt.Data.Grosz - The website has been downloaded
11:44:17.898 [AWT-EventQueue-0] INFO  projekt.Data.Grosz - The data has been downloaded and sorted
11:44:48.757 [AWT-EventQueue-0] INFO  projekt.Data.Exchange - The website has been downloaded
11:44:48.790 [AWT-EventQueue-0] WARN  projekt.Data.Exchange - No data in CNY
11:44:48.790 [AWT-EventQueue-0] WARN  projekt.Data.Exchange - No data in CNY
11:44:48.790 [AWT-EventQueue-0] WARN  projekt.Data.Exchange - No data in MXN
11:44:48.790 [AWT-EventQueue-0] WARN  projekt.Data.Exchange - No data in MXN
11:44:48.793 [AWT-EventQueue-0] INFO  projekt.Data.Exchange - The data has been downloaded and sorted
11:44:48.993 [AWT-EventQueue-0] INFO  projekt.Data.Baksy - The website has been downloaded
11:44:48.999 [AWT-EventQueue-0] INFO  projekt.Data.Baksy - The data has been downloaded and sorted
11:44:49.078 [AWT-EventQueue-0] INFO  projekt.Data.Grosz - The website has been downloaded
11:44:49.081 [AWT-EventQueue-0] INFO  projekt.Data.Grosz - The data has been downloaded and sorted
13:51:34.079 [AWT-EventQueue-0] INFO  projekt.Data.Exchange - The website has been downloaded
13:51:34.138 [AWT-EventQueue-0] WARN  projekt.Data.Exchange - No data in CNY
13:51:34.138 [AWT-EventQueue-0] WARN  projekt.Data.Exchange - No data in CNY
13:51:34.139 [AWT-EventQueue-0] WARN  projekt.Data.Exchange - No data in MXN
13:51:34.139 [AWT-EventQueue-0] WARN  projekt.Data.Exchange - No data in MXN
13:51:34.143 [AWT-EventQueue-0] INFO  projekt.Data.Exchange - The data has been downloaded and sorted
13:51:34.299 [AWT-EventQueue-0] INFO  projekt.Data.Baksy - The website has been downloaded
13:51:34.311 [AWT-EventQueue-0] INFO  projekt.Data.Baksy - The data has been downloaded and sorted
13:51:34.533 [AWT-EventQueue-0] INFO  projekt.Data.Grosz - The website has been downloaded
13:51:34.540 [AWT-EventQueue-0] INFO  projekt.Data.Grosz - The data has been downloaded and sorted
14:01:17.327 [AWT-EventQueue-0] INFO  projekt.Data.Exchange - The website has been downloaded
14:01:17.387 [AWT-EventQueue-0] WARN  projekt.Data.Exchange - No data in CNY
14:01:17.387 [AWT-EventQueue-0] WARN  projekt.Data.Exchange - No data in CNY
14:01:17.388 [AWT-EventQueue-0] WARN  projekt.Data.Exchange - No data in MXN
14:01:17.388 [AWT-EventQueue-0] WARN  projekt.Data.Exchange - No data in MXN
14:01:17.392 [AWT-EventQueue-0] INFO  projekt.Data.Exchange - The data has been downloaded and sorted
14:01:17.525 [AWT-EventQueue-0] INFO  projekt.Data.Baksy - The website has been downloaded
14:01:17.537 [AWT-EventQueue-0] INFO  projekt.Data.Baksy - The data has been downloaded and sorted
14:01:17.641 [AWT-EventQueue-0] INFO  projekt.Data.Grosz - The website has been downloaded
14:01:17.649 [AWT-EventQueue-0] INFO  projekt.Data.Grosz - The data has been downloaded and sorted
14:18:32.829 [AWT-EventQueue-0] INFO  projekt.Data.Exchange - The website has been downloaded
14:18:32.881 [AWT-EventQueue-0] WARN  projekt.Data.Exchange - No data in CNY
14:18:32.882 [AWT-EventQueue-0] WARN  projekt.Data.Exchange - No data in CNY
14:18:32.882 [AWT-EventQueue-0] WARN  projekt.Data.Exchange - No data in MXN
14:18:32.883 [AWT-EventQueue-0] WARN  projekt.Data.Exchange - No data in MXN
14:18:32.885 [AWT-EventQueue-0] INFO  projekt.Data.Exchange - The data has been downloaded and sorted
14:18:33.043 [AWT-EventQueue-0] INFO  projekt.Data.Baksy - The website has been downloaded
14:18:33.058 [AWT-EventQueue-0] INFO  projekt.Data.Baksy - The data has been downloaded and sorted
14:18:33.174 [AWT-EventQueue-0] INFO  projekt.Data.Grosz - The website has been downloaded
14:18:33.186 [AWT-EventQueue-0] INFO  projekt.Data.Grosz - The data has been downloaded and sorted
14:22:43.821 [AWT-EventQueue-0] INFO  projekt.Data.Exchange - The website has been downloaded
14:22:43.872 [AWT-EventQueue-0] WARN  projekt.Data.Exchange - No data in CNY
14:22:43.873 [AWT-EventQueue-0] WARN  projekt.Data.Exchange - No data in CNY
14:22:43.873 [AWT-EventQueue-0] WARN  projekt.Data.Exchange - No data in MXN
14:22:43.873 [AWT-EventQueue-0] WARN  projekt.Data.Exchange - No data in MXN
14:22:43.878 [AWT-EventQueue-0] INFO  projekt.Data.Exchange - The data has been downloaded and sorted
14:22:44.005 [AWT-EventQueue-0] INFO  projekt.Data.Baksy - The website has been downloaded
14:22:44.017 [AWT-EventQueue-0] INFO  projekt.Data.Baksy - The data has been downloaded and sorted
14:22:44.117 [AWT-EventQueue-0] INFO  projekt.Data.Grosz - The website has been downloaded
14:22:44.125 [AWT-EventQueue-0] INFO  projekt.Data.Grosz - The data has been downloaded and sorted
14:24:38.004 [AWT-EventQueue-0] INFO  projekt.Data.Exchange - The website has been downloaded
14:24:38.062 [AWT-EventQueue-0] WARN  projekt.Data.Exchange - No data in CNY
14:24:38.062 [AWT-EventQueue-0] WARN  projekt.Data.Exchange - No data in CNY
14:24:38.063 [AWT-EventQueue-0] WARN  projekt.Data.Exchange - No data in MXN
14:24:38.063 [AWT-EventQueue-0] WARN  projekt.Data.Exchange - No data in MXN
14:24:38.067 [AWT-EventQueue-0] INFO  projekt.Data.Exchange - The data has been downloaded and sorted
14:24:38.184 [AWT-EventQueue-0] INFO  projekt.Data.Baksy - The website has been downloaded
14:24:38.197 [AWT-EventQueue-0] INFO  projekt.Data.Baksy - The data has been downloaded and sorted
14:24:38.300 [AWT-EventQueue-0] INFO  projekt.Data.Grosz - The website has been downloaded
14:24:38.307 [AWT-EventQueue-0] INFO  projekt.Data.Grosz - The data has been downloaded and sorted
14:26:05.435 [AWT-EventQueue-0] INFO  projekt.Data.Exchange - The website has been downloaded
14:26:05.489 [AWT-EventQueue-0] WARN  projekt.Data.Exchange - No data in CNY
14:26:05.490 [AWT-EventQueue-0] WARN  projekt.Data.Exchange - No data in CNY
14:26:05.490 [AWT-EventQueue-0] WARN  projekt.Data.Exchange - No data in MXN
14:26:05.491 [AWT-EventQueue-0] WARN  projekt.Data.Exchange - No data in MXN
14:26:05.495 [AWT-EventQueue-0] INFO  projekt.Data.Exchange - The data has been downloaded and sorted
14:26:05.615 [AWT-EventQueue-0] INFO  projekt.Data.Baksy - The website has been downloaded
14:26:05.629 [AWT-EventQueue-0] INFO  projekt.Data.Baksy - The data has been downloaded and sorted
14:26:05.733 [AWT-EventQueue-0] INFO  projekt.Data.Grosz - The website has been downloaded
14:26:05.739 [AWT-EventQueue-0] INFO  projekt.Data.Grosz - The data has been downloaded and sorted
14:27:01.760 [AWT-EventQueue-0] INFO  projekt.Data.Exchange - The website has been downloaded
14:27:01.812 [AWT-EventQueue-0] WARN  projekt.Data.Exchange - No data in CNY
14:27:01.813 [AWT-EventQueue-0] WARN  projekt.Data.Exchange - No data in CNY
14:27:01.813 [AWT-EventQueue-0] WARN  projekt.Data.Exchange - No data in MXN
14:27:01.813 [AWT-EventQueue-0] WARN  projekt.Data.Exchange - No data in MXN
14:27:01.817 [AWT-EventQueue-0] INFO  projekt.Data.Exchange - The data has been downloaded and sorted
14:27:01.965 [AWT-EventQueue-0] INFO  projekt.Data.Baksy - The website has been downloaded
14:27:01.977 [AWT-EventQueue-0] INFO  projekt.Data.Baksy - The data has been downloaded and sorted
14:27:02.165 [AWT-EventQueue-0] INFO  projekt.Data.Grosz - The website has been downloaded
14:27:02.173 [AWT-EventQueue-0] INFO  projekt.Data.Grosz - The data has been downloaded and sorted
14:33:45.019 [AWT-EventQueue-0] INFO  projekt.Data.Exchange - The website has been downloaded
14:33:45.068 [AWT-EventQueue-0] WARN  projekt.Data.Exchange - No data in CNY
14:33:45.068 [AWT-EventQueue-0] WARN  projekt.Data.Exchange - No data in CNY
14:33:45.069 [AWT-EventQueue-0] WARN  projekt.Data.Exchange - No data in MXN
14:33:45.069 [AWT-EventQueue-0] WARN  projekt.Data.Exchange - No data in MXN
14:33:45.073 [AWT-EventQueue-0] INFO  projekt.Data.Exchange - The data has been downloaded and sorted
14:33:45.235 [AWT-EventQueue-0] INFO  projekt.Data.Baksy - The website has been downloaded
14:33:45.250 [AWT-EventQueue-0] INFO  projekt.Data.Baksy - The data has been downloaded and sorted
14:33:45.400 [AWT-EventQueue-0] INFO  projekt.Data.Grosz - The website has been downloaded
14:33:45.405 [AWT-EventQueue-0] INFO  projekt.Data.Grosz - The data has been downloaded and sorted
14:34:22.608 [AWT-EventQueue-0] INFO  projekt.Data.Exchange - The website has been downloaded
14:34:22.663 [AWT-EventQueue-0] WARN  projekt.Data.Exchange - No data in CNY
14:34:22.664 [AWT-EventQueue-0] WARN  projekt.Data.Exchange - No data in CNY
14:34:22.665 [AWT-EventQueue-0] WARN  projekt.Data.Exchange - No data in MXN
14:34:22.665 [AWT-EventQueue-0] WARN  projekt.Data.Exchange - No data in MXN
14:34:22.668 [AWT-EventQueue-0] INFO  projekt.Data.Exchange - The data has been downloaded and sorted
14:34:22.895 [AWT-EventQueue-0] INFO  projekt.Data.Baksy - The website has been downloaded
14:34:22.908 [AWT-EventQueue-0] INFO  projekt.Data.Baksy - The data has been downloaded and sorted
14:34:23.018 [AWT-EventQueue-0] INFO  projekt.Data.Grosz - The website has been downloaded
14:34:23.024 [AWT-EventQueue-0] INFO  projekt.Data.Grosz - The data has been downloaded and sorted
14:35:03.187 [AWT-EventQueue-0] INFO  projekt.Data.Exchange - The website has been downloaded
14:35:03.237 [AWT-EventQueue-0] WARN  projekt.Data.Exchange - No data in CNY
14:35:03.239 [AWT-EventQueue-0] WARN  projekt.Data.Exchange - No data in CNY
14:35:03.239 [AWT-EventQueue-0] WARN  projekt.Data.Exchange - No data in MXN
14:35:03.239 [AWT-EventQueue-0] WARN  projekt.Data.Exchange - No data in MXN
14:35:03.243 [AWT-EventQueue-0] INFO  projekt.Data.Exchange - The data has been downloaded and sorted
14:35:03.369 [AWT-EventQueue-0] INFO  projekt.Data.Baksy - The website has been downloaded
14:35:03.382 [AWT-EventQueue-0] INFO  projekt.Data.Baksy - The data has been downloaded and sorted
14:35:03.524 [AWT-EventQueue-0] INFO  projekt.Data.Grosz - The website has been downloaded
14:35:03.529 [AWT-EventQueue-0] INFO  projekt.Data.Grosz - The data has been downloaded and sorted
14:36:17.707 [AWT-EventQueue-0] INFO  projekt.Data.Exchange - The website has been downloaded
14:36:17.756 [AWT-EventQueue-0] WARN  projekt.Data.Exchange - No data in CNY
14:36:17.757 [AWT-EventQueue-0] WARN  projekt.Data.Exchange - No data in CNY
14:36:17.757 [AWT-EventQueue-0] WARN  projekt.Data.Exchange - No data in MXN
14:36:17.757 [AWT-EventQueue-0] WARN  projekt.Data.Exchange - No data in MXN
14:36:17.760 [AWT-EventQueue-0] INFO  projekt.Data.Exchange - The data has been downloaded and sorted
14:36:17.922 [AWT-EventQueue-0] INFO  projekt.Data.Baksy - The website has been downloaded
14:36:17.935 [AWT-EventQueue-0] INFO  projekt.Data.Baksy - The data has been downloaded and sorted
14:36:18.040 [AWT-EventQueue-0] INFO  projekt.Data.Grosz - The website has been downloaded
14:36:18.047 [AWT-EventQueue-0] INFO  projekt.Data.Grosz - The data has been downloaded and sorted
14:36:40.544 [AWT-EventQueue-0] INFO  projekt.Data.Exchange - The website has been downloaded
14:36:40.602 [AWT-EventQueue-0] WARN  projekt.Data.Exchange - No data in CNY
14:36:40.602 [AWT-EventQueue-0] WARN  projekt.Data.Exchange - No data in CNY
14:36:40.603 [AWT-EventQueue-0] WARN  projekt.Data.Exchange - No data in MXN
14:36:40.603 [AWT-EventQueue-0] WARN  projekt.Data.Exchange - No data in MXN
14:36:40.605 [AWT-EventQueue-0] INFO  projekt.Data.Exchange - The data has been downloaded and sorted
14:36:40.738 [AWT-EventQueue-0] INFO  projekt.Data.Baksy - The website has been downloaded
14:36:40.754 [AWT-EventQueue-0] INFO  projekt.Data.Baksy - The data has been downloaded and sorted
14:36:40.878 [AWT-EventQueue-0] INFO  projekt.Data.Grosz - The website has been downloaded
14:36:40.883 [AWT-EventQueue-0] INFO  projekt.Data.Grosz - The data has been downloaded and sorted
